#
# A fatal error has been detected by the Java Runtime Environment:
#
#  SIGSEGV (0xb) at pc=0x00007f52d79f89be, pid=12731, tid=139993593628416
#
# JRE version: Java(TM) SE Runtime Environment (7.0_45-b18) (build 1.7.0_45-b18)
# Java VM: Java HotSpot(TM) 64-Bit Server VM (24.45-b08 mixed mode linux-amd64 compressed oops)
# Problematic frame:
# V  [libjvm.so+0x69e9be]  JNIHandles::checked_resolve_jmethod_id(_jmethodID*)+0xe
#
# Failed to write core dump. Core dumps have been disabled. To enable core dumping, try "ulimit -c unlimited" before starting Java again
#
# If you would like to submit a bug report, please visit:
#   http://bugreport.sun.com/bugreport/crash.jsp
#

---------------  T H R E A D  ---------------

Current thread (0x00007f52d009e000):  JavaThread "JDWP Transport Listener: dt_socket" daemon [_thread_in_vm, id=12748, stack(0x00007f52cc5b4000,0x00007f52cc6b5000)]

siginfo:si_signo=SIGSEGV: si_errno=0, si_code=128 (), si_addr=0x0000000000000000

Registers:
RAX=0x0000000000000001, RBX=0x00007f52d0004aa0, RCX=0x00007f52d8bb32c0, RDX=0x00007f52d8196000
RSP=0x00007f52cc6b3860, RBP=0x00007f52cc6b3870, RSI=0x00007f52d009e000, RDI=0x616c502f6e65003b
R8 =0x0000000000000000, R9 =0x0000000000000000, R10=0x0000000000000010, R11=0x00007f52d8344610
R12=0x0000000000000017, R13=0x616c502f6e65003b, R14=0x00007f52d009e000, R15=0x00007f52cc6b3977
RIP=0x00007f52d79f89be, EFLAGS=0x0000000000010202, CSGSFS=0x0000000000000033, ERR=0x0000000000000000
  TRAPNO=0x000000000000000d

Top of Stack: (sp=0x00007f52cc6b3860)
0x00007f52cc6b3860:   0000000000000074 00007f52d0004aa0
0x00007f52cc6b3870:   00007f52cc6b38e0 00007f52d79e9dee
0x00007f52cc6b3880:   0000000000000073 00007f52cc6b3890
0x00007f52cc6b3890:   00007f52d009e000 0000000000000000
0x00007f52cc6b38a0:   00007f5200000000 0000000000000000
0x00007f52cc6b38b0:   00007f52cc6b38d0 00007f52d6a1c120
0x00007f52cc6b38c0:   616c502f6e65003b 00007f52cc6b3977
0x00007f52cc6b38d0:   0000000000000005 00007f52cc6b3977
0x00007f52cc6b38e0:   00007f52cc6b3910 00007f52d68073f2
0x00007f52cc6b38f0:   00007f52cc6b3910 616c502f6e65003b
0x00007f52cc6b3900:   00007f52cc6b39e0 0000000000000028
0x00007f52cc6b3910:   00007f52cc6b39a0 00007f52d67e89d0
0x00007f52cc6b3920:   00007f52cc6b3958 00007f52cc6b3950
0x00007f52cc6b3930:   00007f52cc6b3948 00007f52cc6b396c
0x00007f52cc6b3940:   0000000198002f80 0000000000000000
0x00007f52cc6b3950:   0000000000000000 0000000000000000
0x00007f52cc6b3960:   00007f5298006020 0000000acc6b39e0
0x00007f52cc6b3970:   0000000000000006 0000000000000002
0x00007f52cc6b3980:   000000000000000f 0000000000000002
0x00007f52cc6b3990:   00000000000f0200 000000000000000f
0x00007f52cc6b39a0:   00007f52cc6b3bf0 00007f52d67f38e6
0x00007f52cc6b39b0:   0000100700000013 00007f52d70f0200
0x00007f52cc6b39c0:   00007f5290000fb0 00007f52d009e000
0x00007f52cc6b39d0:   00007f52cc6b39e0 00007f52cc6b3b70
0x00007f52cc6b39e0:   00007f52cc6b3b46 00007f5200000016
0x00007f52cc6b39f0:   00007f52cc6b39f8 0000000000000116
0x00007f52cc6b3a00:   00007f52cc6b3a30 0000000000000000
0x00007f52cc6b3a10:   00007f0000000000 000010070000001c
0x00007f52cc6b3a20:   0000000000000080 00007f52cc6b3a30
0x00007f52cc6b3a30:   527f000006000000 0400000018d320d0
0x00007f52cc6b3a40:   160000006e69616d 2f6176616a4c5b28
0x00007f52cc6b3a50:   7274532f676e616c 000056293b676e69 

Instructions: (pc=0x00007f52d79f89be)
0x00007f52d79f899e:   20 00 e9 52 ff ff ff 90 90 90 90 90 90 90 90 90
0x00007f52d79f89ae:   90 90 55 48 89 e5 53 48 83 ec 08 48 85 ff 74 3c
0x00007f52d79f89be:   48 8b 1f 48 85 db 74 34 48 b8 fe fe fe fe fe fe
0x00007f52d79f89ce:   fe fe 48 39 c3 74 25 48 8b 05 84 9d 75 00 80 38 

Register to memory mapping:

RAX=0x0000000000000001 is an unknown value
RBX=0x00007f52d0004aa0 is an unknown value
RCX=0x00007f52d8bb32c0: <offset 0x2182c0> in /lib/x86_64-linux-gnu/libpthread.so.0 at 0x00007f52d899b000
RDX=0x00007f52d8196000: <offset 0xe3c000> in /usr/lib/jvm/java-7-oracle/jre/lib/amd64/server/libjvm.so at 0x00007f52d735a000
RSP=0x00007f52cc6b3860 is pointing into the stack for thread: 0x00007f52d009e000
RBP=0x00007f52cc6b3870 is pointing into the stack for thread: 0x00007f52d009e000
RSI=0x00007f52d009e000 is a thread
RDI=0x616c502f6e65003b is an unknown value
R8 =0x0000000000000000 is an unknown value
R9 =0x0000000000000000 is an unknown value
R10=0x0000000000000010 is an unknown value
R11=0x00007f52d8344610: <offset 0x184610> in /lib/x86_64-linux-gnu/libc.so.6 at 0x00007f52d81c0000
R12=0x0000000000000017 is an unknown value
R13=0x616c502f6e65003b is an unknown value
R14=0x00007f52d009e000 is a thread
R15=0x00007f52cc6b3977 is pointing into the stack for thread: 0x00007f52d009e000


Stack: [0x00007f52cc5b4000,0x00007f52cc6b5000],  sp=0x00007f52cc6b3860,  free space=1022k
Native frames: (J=compiled Java code, j=interpreted, Vv=VM code, C=native code)
V  [libjvm.so+0x69e9be]  JNIHandles::checked_resolve_jmethod_id(_jmethodID*)+0xe
V  [libjvm.so+0x68fdee]  jvmti_IsMethodSynthetic+0x23e
C  [libjdwp.so+0x253f2]  isMethodSynthetic+0x42
C  [libjdwp.so+0x69d0]  methods1+0x1b0
C  [libjdwp.so+0x118e6]  debugLoop_run+0x2b6
C  [libjdwp.so+0x2432f]  attachThread+0x2f
V  [libjvm.so+0x6f45c7]  JvmtiAgentThread::call_start_function()+0x97
V  [libjvm.so+0x94d38f]  JavaThread::thread_main_inner()+0xdf
V  [libjvm.so+0x94d495]  JavaThread::run()+0xf5
V  [libjvm.so+0x815288]  java_start(Thread*)+0x108


---------------  P R O C E S S  ---------------

Java Threads: ( => current thread )
  0x00007f52d0261000 JavaThread "EMF Reference Cleaner" daemon [_thread_blocked, id=12761, stack(0x00007f52bfd82000,0x00007f52bfe83000)]
  0x00007f52d00a9000 JavaThread "Service Thread" daemon [_thread_blocked, id=12756, stack(0x00007f52cc0af000,0x00007f52cc1b0000)]
  0x00007f52d00a7000 JavaThread "C2 CompilerThread1" daemon [_thread_blocked, id=12755, stack(0x00007f52cc1b0000,0x00007f52cc2b1000)]
  0x00007f52d00a4000 JavaThread "C2 CompilerThread0" daemon [_thread_blocked, id=12754, stack(0x00007f52cc2b1000,0x00007f52cc3b2000)]
  0x00007f5298001000 JavaThread "JDWP Command Reader" daemon [_thread_in_native, id=12752, stack(0x00007f52cc3b2000,0x00007f52cc4b3000)]
  0x00007f52d00a1800 JavaThread "JDWP Event Helper Thread" daemon [_thread_blocked, id=12751, stack(0x00007f52cc4b3000,0x00007f52cc5b4000)]
=>0x00007f52d009e000 JavaThread "JDWP Transport Listener: dt_socket" daemon [_thread_in_vm, id=12748, stack(0x00007f52cc5b4000,0x00007f52cc6b5000)]
  0x00007f52d0087800 JavaThread "Signal Dispatcher" daemon [_thread_blocked, id=12746, stack(0x00007f52ccafb000,0x00007f52ccbfc000)]
  0x00007f52d0071000 JavaThread "Finalizer" daemon [_thread_blocked, id=12745, stack(0x00007f52ccbfc000,0x00007f52cccfd000)]
  0x00007f52d006d000 JavaThread "Reference Handler" daemon [_thread_blocked, id=12744, stack(0x00007f52cccfd000,0x00007f52ccdfe000)]
  0x00007f52d000b000 JavaThread "main" [_thread_blocked, id=12733, stack(0x00007f52d8cae000,0x00007f52d8daf000)]

Other Threads:
  0x00007f52d006b000 VMThread [stack: 0x00007f52ccdfe000,0x00007f52cceff000] [id=12743]
  0x00007f52d00b3800 WatcherThread [stack: 0x00007f52bfeff000,0x00007f52c0000000] [id=12757]

VM state:not at safepoint (normal execution)

VM Mutex/Monitor currently owned by a thread: None

Heap
 PSYoungGen      total 36864K, used 31035K [0x00000000d7200000, 0x00000000d9b00000, 0x0000000100000000)
  eden space 31744K, 97% used [0x00000000d7200000,0x00000000d904ed68,0x00000000d9100000)
  from space 5120K, 0% used [0x00000000d9600000,0x00000000d9600000,0x00000000d9b00000)
  to   space 5120K, 0% used [0x00000000d9100000,0x00000000d9100000,0x00000000d9600000)
 ParOldGen       total 83456K, used 0K [0x0000000085600000, 0x000000008a780000, 0x00000000d7200000)
  object space 83456K, 0% used [0x0000000085600000,0x0000000085600000,0x000000008a780000)
 PSPermGen       total 21504K, used 9179K [0x0000000080400000, 0x0000000081900000, 0x0000000085600000)
  object space 21504K, 42% used [0x0000000080400000,0x0000000080cf6e50,0x0000000081900000)

Card table byte_map: [0x00007f52d5c3c000,0x00007f52d603b000] byte_map_base: 0x00007f52d583a000

Polling page: 0x00007f52d8dd7000

Code Cache  [0x00007f52cd000000, 0x00007f52cd270000, 0x00007f52d0000000)
 total_blobs=390 nmethods=104 adapters=248 free_code_cache=48405Kb largest_free_block=49523072

Compilation events (10 events):
Event: 0.986 Thread 0x00007f52d00a4000 nmethod 100 0x00007f52cd0a5c50 code [0x00007f52cd0a5da0, 0x00007f52cd0a60d8]
Event: 0.986 Thread 0x00007f52d00a4000  101             java.lang.String::getBytes (90 bytes)
Event: 0.992 Thread 0x00007f52d00a4000 nmethod 101 0x00007f52cd0a4fd0 code [0x00007f52cd0a5120, 0x00007f52cd0a5438]
Event: 0.992 Thread 0x00007f52d00a4000  102             sun.misc.CharacterDecoder::readFully (52 bytes)
Event: 1.019 Thread 0x00007f52d00a4000 nmethod 102 0x00007f52cd0b3a90 code [0x00007f52cd0b3c40, 0x00007f52cd0b5078]
Event: 1.021 Thread 0x00007f52d00a4000  103             java.util.Arrays::fill (28 bytes)
Event: 1.022 Thread 0x00007f52d00a4000 nmethod 103 0x00007f52cd0ac590 code [0x00007f52cd0ac6e0, 0x00007f52cd0ac838]
Event: 1.024 Thread 0x00007f52d00a4000  104 %           java.util.Arrays::fill @ 10 (28 bytes)
Event: 1.038 Thread 0x00007f52d00a4000 nmethod 104% 0x00007f52cd0aa850 code [0x00007f52cd0aa9a0, 0x00007f52cd0aab78]
Event: 1.044 Thread 0x00007f52d00a7000 nmethod 95 0x00007f52cd0bb290 code [0x00007f52cd0bb940, 0x00007f52cd0bfd00]

GC Heap History (0 events):
No events

Deoptimization events (4 events):
Event: 0.228 Thread 0x00007f52d000b000 Uncommon trap: reason=null_check action=make_not_entrant pc=0x00007f52cd06cf10 method=java.util.jar.Attributes.putValue(Ljava/lang/String;Ljava/lang/String;)Ljava/lang/String; @ 13
Event: 0.664 Thread 0x00007f52d000b000 Uncommon trap: reason=null_check action=make_not_entrant pc=0x00007f52cd065288 method=java.lang.String.equals(Ljava/lang/Object;)Z @ 8
Event: 0.677 Thread 0x00007f52d000b000 Uncommon trap: reason=class_check action=maybe_recompile pc=0x00007f52cd0734fc method=java.util.Properties$LineReader.readLine()I @ 62
Event: 0.679 Thread 0x00007f52d000b000 Uncommon trap: reason=class_check action=maybe_recompile pc=0x00007f52cd0734fc method=java.util.Properties$LineReader.readLine()I @ 62

Internal exceptions (10 events):
Event: 1.050 Thread 0x00007f52d000b000 Threw 0x00000000d8ed7360 at /HUDSON/workspace/7u-2-build-linux-amd64/jdk7u45/229/hotspot/src/share/vm/prims/jvm.cpp:1244
Event: 1.051 Thread 0x00007f52d000b000 Threw 0x00000000d8eddb60 at /HUDSON/workspace/7u-2-build-linux-amd64/jdk7u45/229/hotspot/src/share/vm/prims/jvm.cpp:1244
Event: 1.053 Thread 0x00007f52d000b000 Threw 0x00000000d8ee4080 at /HUDSON/workspace/7u-2-build-linux-amd64/jdk7u45/229/hotspot/src/share/vm/prims/jvm.cpp:1244
Event: 1.056 Thread 0x00007f52d000b000 Threw 0x00000000d8eecf68 at /HUDSON/workspace/7u-2-build-linux-amd64/jdk7u45/229/hotspot/src/share/vm/prims/jvm.cpp:1244
Event: 1.056 Thread 0x00007f52d000b000 Threw 0x00000000d8ef4a30 at /HUDSON/workspace/7u-2-build-linux-amd64/jdk7u45/229/hotspot/src/share/vm/prims/jvm.cpp:1244
Event: 1.057 Thread 0x00007f52d000b000 Threw 0x00000000d8efb050 at /HUDSON/workspace/7u-2-build-linux-amd64/jdk7u45/229/hotspot/src/share/vm/prims/jvm.cpp:1244
Event: 1.058 Thread 0x00007f52d000b000 Threw 0x00000000d8f02910 at /HUDSON/workspace/7u-2-build-linux-amd64/jdk7u45/229/hotspot/src/share/vm/prims/jvm.cpp:1244
Event: 1.060 Thread 0x00007f52d000b000 Threw 0x00000000d8f0ab88 at /HUDSON/workspace/7u-2-build-linux-amd64/jdk7u45/229/hotspot/src/share/vm/prims/jvm.cpp:1244
Event: 1.061 Thread 0x00007f52d000b000 Threw 0x00000000d8f12800 at /HUDSON/workspace/7u-2-build-linux-amd64/jdk7u45/229/hotspot/src/share/vm/prims/jvm.cpp:1244
Event: 1.062 Thread 0x00007f52d000b000 Threw 0x00000000d8f19ef8 at /HUDSON/workspace/7u-2-build-linux-amd64/jdk7u45/229/hotspot/src/share/vm/prims/jvm.cpp:1244

Events (10 events):
Event: 75.052 Executing VM operation: ChangeBreakpoints
Event: 75.052 Executing VM operation: ChangeBreakpoints done
Event: 135.972 Executing VM operation: RedefineClasses
Event: 135.973 Executing VM operation: RedefineClasses done
Event: 135.986 Executing VM operation: ChangeBreakpoints
Event: 135.986 Executing VM operation: ChangeBreakpoints done
Event: 135.998 Executing VM operation: ChangeBreakpoints
Event: 135.999 Executing VM operation: ChangeBreakpoints done
Event: 304.589 Executing VM operation: RedefineClasses
Event: 304.590 Executing VM operation: RedefineClasses done


Dynamic libraries:
00400000-00401000 r-xp 00000000 08:06 2374408                            /usr/lib/jvm/java-7-oracle/bin/java
00600000-00601000 rw-p 00000000 08:06 2374408                            /usr/lib/jvm/java-7-oracle/bin/java
00a75000-00a96000 rw-p 00000000 00:00 0                                  [heap]
80400000-81900000 rw-p 00000000 00:00 0 
81900000-85600000 rw-p 00000000 00:00 0 
85600000-8a780000 rw-p 00000000 00:00 0 
8a780000-d7200000 rw-p 00000000 00:00 0 
d7200000-d9b00000 rw-p 00000000 00:00 0 
d9b00000-100000000 rw-p 00000000 00:00 0 
7f5280000000-7f5280021000 rw-p 00000000 00:00 0 
7f5280021000-7f5284000000 ---p 00000000 00:00 0 
7f5284000000-7f5284021000 rw-p 00000000 00:00 0 
7f5284021000-7f5288000000 ---p 00000000 00:00 0 
7f5288000000-7f5288750000 rw-p 00000000 00:00 0 
7f5288750000-7f528c000000 ---p 00000000 00:00 0 
7f528c000000-7f528c021000 rw-p 00000000 00:00 0 
7f528c021000-7f5290000000 ---p 00000000 00:00 0 
7f5290000000-7f5290021000 rw-p 00000000 00:00 0 
7f5290021000-7f5294000000 ---p 00000000 00:00 0 
7f5294000000-7f5294470000 rw-p 00000000 00:00 0 
7f5294470000-7f5298000000 ---p 00000000 00:00 0 
7f5298000000-7f5298021000 rw-p 00000000 00:00 0 
7f5298021000-7f529c000000 ---p 00000000 00:00 0 
7f529c000000-7f529c021000 rw-p 00000000 00:00 0 
7f529c021000-7f52a0000000 ---p 00000000 00:00 0 
7f52a0000000-7f52a0021000 rw-p 00000000 00:00 0 
7f52a0021000-7f52a4000000 ---p 00000000 00:00 0 
7f52a4000000-7f52a4021000 rw-p 00000000 00:00 0 
7f52a4021000-7f52a8000000 ---p 00000000 00:00 0 
7f52a8000000-7f52a8021000 rw-p 00000000 00:00 0 
7f52a8021000-7f52ac000000 ---p 00000000 00:00 0 
7f52ac000000-7f52ac021000 rw-p 00000000 00:00 0 
7f52ac021000-7f52b0000000 ---p 00000000 00:00 0 
7f52b0000000-7f52b0021000 rw-p 00000000 00:00 0 
7f52b0021000-7f52b4000000 ---p 00000000 00:00 0 
7f52b8000000-7f52b8021000 rw-p 00000000 00:00 0 
7f52b8021000-7f52bc000000 ---p 00000000 00:00 0 
7f52bf715000-7f52bf95a000 rw-p 00000000 00:00 0 
7f52bf95a000-7f52bf970000 r-xp 00000000 08:06 2505782                    /usr/lib/jvm/java-7-oracle/jre/lib/amd64/libnet.so
7f52bf970000-7f52bfb70000 ---p 00016000 08:06 2505782                    /usr/lib/jvm/java-7-oracle/jre/lib/amd64/libnet.so
7f52bfb70000-7f52bfb71000 rw-p 00016000 08:06 2505782                    /usr/lib/jvm/java-7-oracle/jre/lib/amd64/libnet.so
7f52bfb71000-7f52bfb81000 r-xp 00000000 08:06 2505756                    /usr/lib/jvm/java-7-oracle/jre/lib/amd64/libnio.so
7f52bfb81000-7f52bfd81000 ---p 00010000 08:06 2505756                    /usr/lib/jvm/java-7-oracle/jre/lib/amd64/libnio.so
7f52bfd81000-7f52bfd82000 rw-p 00010000 08:06 2505756                    /usr/lib/jvm/java-7-oracle/jre/lib/amd64/libnio.so
7f52bfd82000-7f52bfd85000 ---p 00000000 00:00 0 
7f52bfd85000-7f52bfe83000 rw-p 00000000 00:00 0 
7f52bfe83000-7f52bfe95000 r--s 0010f000 00:9f 20513050                   /usr/userfs/m/mv525/Downloads/eclipse/plugins/org.eclipse.emf.ecore_2.9.1.v20130827-0309.jar
7f52bfe95000-7f52bfec6000 r--s 0023c000 00:9f 68788258                   /usr/userfs/m/mv525/Downloads/epsilon-1.1_SR1-core.jar
7f52bfec6000-7f52bfeff000 r--s 00286000 00:9f 68788260                   /usr/userfs/m/mv525/Downloads/epsilon-1.1_SR1-emf.jar
7f52bfeff000-7f52bff00000 ---p 00000000 00:00 0 
7f52bff00000-7f52c0000000 rw-p 00000000 00:00 0 
7f52c0000000-7f52c0021000 rw-p 00000000 00:00 0 
7f52c0021000-7f52c4000000 ---p 00000000 00:00 0 
7f52c4016000-7f52c4020000 r--s 00250000 08:06 2505850                    /usr/lib/jvm/java-7-oracle/jre/lib/resources.jar
7f52c4020000-7f52c8000000 rw-p 00000000 00:00 0 
7f52c8000000-7f52c8021000 rw-p 00000000 00:00 0 
7f52c8021000-7f52cc000000 ---p 00000000 00:00 0 
7f52cc006000-7f52cc00a000 r--s 00034000 00:9f 20513049                   /usr/userfs/m/mv525/Downloads/eclipse/plugins/org.eclipse.emf.ecore.xmi_2.9.1.v20130827-0309.jar
7f52cc00a000-7f52cc032000 r--s 00278000 00:16 7034645                    /opt/york/cs/net/eclipse-ide-4.2-x86_64-1-pydev/plugins/org.apache.derby.jdbc_1082.fragment_10.8.2.201206130843/lib/derby.jar
7f52cc032000-7f52cc058000 r--s 00253000 00:16 4627112                    /opt/york/cs/net/eclipse-ide-4.2-x86_64-1-pydev/plugins/org.apache.derby.jdbc_1053.fragment_10.5.3.201206130843/lib/derby.jar
7f52cc058000-7f52cc06c000 r--s 00141000 00:16 4876442                    /opt/york/cs/net/eclipse-ide-4.2-x86_64-1-pydev/plugins/org.eclipse.osgi_3.8.0.v20120529-1548.jar
7f52cc06c000-7f52cc0af000 r--s 0035b000 00:16 6742804                    /opt/york/cs/net/eclipse-ide-4.2-x86_64-1-pydev/plugins/org.eclipse.ui.workbench_3.103.0.v20120530-1824.jar
7f52cc0af000-7f52cc0b2000 ---p 00000000 00:00 0 
7f52cc0b2000-7f52cc1b0000 rw-p 00000000 00:00 0 
7f52cc1b0000-7f52cc1b3000 ---p 00000000 00:00 0 
7f52cc1b3000-7f52cc2b1000 rw-p 00000000 00:00 0 
7f52cc2b1000-7f52cc2b4000 ---p 00000000 00:00 0 
7f52cc2b4000-7f52cc3b2000 rw-p 00000000 00:00 0 
7f52cc3b2000-7f52cc3b5000 ---p 00000000 00:00 0 
7f52cc3b5000-7f52cc4b3000 rw-p 00000000 00:00 0 
7f52cc4b3000-7f52cc4b6000 ---p 00000000 00:00 0 
7f52cc4b6000-7f52cc5b4000 rw-p 00000000 00:00 0 
7f52cc5b4000-7f52cc5b7000 ---p 00000000 00:00 0 
7f52cc5b7000-7f52cc6b5000 rw-p 00000000 00:00 0 
7f52cc6b5000-7f52cc6c1000 r-xp 00000000 08:06 527974                     /lib/x86_64-linux-gnu/libnss_files-2.15.so
7f52cc6c1000-7f52cc8c0000 ---p 0000c000 08:06 527974                     /lib/x86_64-linux-gnu/libnss_files-2.15.so
7f52cc8c0000-7f52cc8c1000 r--p 0000b000 08:06 527974                     /lib/x86_64-linux-gnu/libnss_files-2.15.so
7f52cc8c1000-7f52cc8c2000 rw-p 0000c000 08:06 527974                     /lib/x86_64-linux-gnu/libnss_files-2.15.so
7f52cc8c2000-7f52cc8f7000 r--s 00000000 08:08 783474                     /var/cache/nscd/hosts
7f52cc8f7000-7f52cc8fb000 r-xp 00000000 08:06 2505759                    /usr/lib/jvm/java-7-oracle/jre/lib/amd64/libdt_socket.so
7f52cc8fb000-7f52ccafa000 ---p 00004000 08:06 2505759                    /usr/lib/jvm/java-7-oracle/jre/lib/amd64/libdt_socket.so
7f52ccafa000-7f52ccafb000 rw-p 00003000 08:06 2505759                    /usr/lib/jvm/java-7-oracle/jre/lib/amd64/libdt_socket.so
7f52ccafb000-7f52ccafe000 ---p 00000000 00:00 0 
7f52ccafe000-7f52ccbfc000 rw-p 00000000 00:00 0 
7f52ccbfc000-7f52ccbff000 ---p 00000000 00:00 0 
7f52ccbff000-7f52cccfd000 rw-p 00000000 00:00 0 
7f52cccfd000-7f52ccd00000 ---p 00000000 00:00 0 
7f52ccd00000-7f52ccdfe000 rw-p 00000000 00:00 0 
7f52ccdfe000-7f52ccdff000 ---p 00000000 00:00 0 
7f52ccdff000-7f52cd000000 rw-p 00000000 00:00 0 
7f52cd000000-7f52cd270000 rwxp 00000000 00:00 0 
7f52cd270000-7f52d041d000 rw-p 00000000 00:00 0 
7f52d041d000-7f52d4000000 ---p 00000000 00:00 0 
7f52d4001000-7f52d4002000 rw-p 00000000 00:00 0 
7f52d4002000-7f52d4009000 r--s 0004f000 00:9f 65405355                   /usr/userfs/m/mv525/Downloads/eclipse/plugins/org.eclipse.emf.common_2.9.1.v20130827-0309.jar
7f52d4009000-7f52d400c000 r--s 00018000 00:16 6012066                    /opt/york/cs/net/eclipse-ide-4.2-x86_64-1-pydev/plugins/org.eclipse.core.commands_3.6.1.v20120521-2329.jar
7f52d400c000-7f52d4021000 r--s 000f6000 00:16 5793414                    /opt/york/cs/net/eclipse-ide-4.2-x86_64-1-pydev/plugins/org.eclipse.jface_3.8.0.v20120521-2329.jar
7f52d4021000-7f52d4f1f000 rw-p 00000000 00:00 0 
7f52d4f1f000-7f52d50db000 r--s 039b2000 08:06 2505730                    /usr/lib/jvm/java-7-oracle/jre/lib/rt.jar
7f52d50db000-7f52d55aa000 rw-p 00000000 00:00 0 
7f52d55aa000-7f52d55ab000 ---p 00000000 00:00 0 
7f52d55ab000-7f52d56ab000 rw-p 00000000 00:00 0 
7f52d56ab000-7f52d56ac000 ---p 00000000 00:00 0 
7f52d56ac000-7f52d57ac000 rw-p 00000000 00:00 0 
7f52d57ac000-7f52d57ad000 ---p 00000000 00:00 0 
7f52d57ad000-7f52d58ad000 rw-p 00000000 00:00 0 
7f52d58ad000-7f52d58ae000 ---p 00000000 00:00 0 
7f52d58ae000-7f52d59d7000 rw-p 00000000 00:00 0 
7f52d59d7000-7f52d5c3c000 rw-p 00000000 00:00 0 
7f52d5c3c000-7f52d5c47000 rw-p 00000000 00:00 0 
7f52d5c47000-7f52d5c65000 rw-p 00000000 00:00 0 
7f52d5c65000-7f52d5c8e000 rw-p 00000000 00:00 0 
7f52d5c8e000-7f52d5ef3000 rw-p 00000000 00:00 0 
7f52d5ef3000-7f52d5f08000 rw-p 00000000 00:00 0 
7f52d5f08000-7f52d603a000 rw-p 00000000 00:00 0 
7f52d603a000-7f52d6045000 rw-p 00000000 00:00 0 
7f52d6045000-7f52d60fb000 rw-p 00000000 00:00 0 
7f52d60fb000-7f52d6115000 r-xp 00000000 08:06 2505766                    /usr/lib/jvm/java-7-oracle/jre/lib/amd64/libzip.so
7f52d6115000-7f52d6315000 ---p 0001a000 08:06 2505766                    /usr/lib/jvm/java-7-oracle/jre/lib/amd64/libzip.so
7f52d6315000-7f52d6316000 rw-p 0001a000 08:06 2505766                    /usr/lib/jvm/java-7-oracle/jre/lib/amd64/libzip.so
7f52d6316000-7f52d65df000 r--p 00000000 08:06 2233943                    /usr/lib/locale/locale-archive
7f52d65df000-7f52d65e2000 r-xp 00000000 08:06 2505757                    /usr/lib/jvm/java-7-oracle/jre/lib/amd64/libnpt.so
7f52d65e2000-7f52d67e1000 ---p 00003000 08:06 2505757                    /usr/lib/jvm/java-7-oracle/jre/lib/amd64/libnpt.so
7f52d67e1000-7f52d67e2000 rw-p 00002000 08:06 2505757                    /usr/lib/jvm/java-7-oracle/jre/lib/amd64/libnpt.so
7f52d67e2000-7f52d681b000 r-xp 00000000 08:06 2505798                    /usr/lib/jvm/java-7-oracle/jre/lib/amd64/libjdwp.so
7f52d681b000-7f52d6a1b000 ---p 00039000 08:06 2505798                    /usr/lib/jvm/java-7-oracle/jre/lib/amd64/libjdwp.so
7f52d6a1b000-7f52d6a1c000 rw-p 00039000 08:06 2505798                    /usr/lib/jvm/java-7-oracle/jre/lib/amd64/libjdwp.so
7f52d6a1c000-7f52d6a1d000 rw-p 00000000 00:00 0 
7f52d6a1d000-7f52d6a46000 r-xp 00000000 08:06 2505761                    /usr/lib/jvm/java-7-oracle/jre/lib/amd64/libjava.so
7f52d6a46000-7f52d6c46000 ---p 00029000 08:06 2505761                    /usr/lib/jvm/java-7-oracle/jre/lib/amd64/libjava.so
7f52d6c46000-7f52d6c48000 rw-p 00029000 08:06 2505761                    /usr/lib/jvm/java-7-oracle/jre/lib/amd64/libjava.so
7f52d6c48000-7f52d6c55000 r-xp 00000000 08:06 2505770                    /usr/lib/jvm/java-7-oracle/jre/lib/amd64/libverify.so
7f52d6c55000-7f52d6e54000 ---p 0000d000 08:06 2505770                    /usr/lib/jvm/java-7-oracle/jre/lib/amd64/libverify.so
7f52d6e54000-7f52d6e56000 rw-p 0000c000 08:06 2505770                    /usr/lib/jvm/java-7-oracle/jre/lib/amd64/libverify.so
7f52d6e56000-7f52d6e5d000 r-xp 00000000 08:06 527977                     /lib/x86_64-linux-gnu/librt-2.15.so
7f52d6e5d000-7f52d705c000 ---p 00007000 08:06 527977                     /lib/x86_64-linux-gnu/librt-2.15.so
7f52d705c000-7f52d705d000 r--p 00006000 08:06 527977                     /lib/x86_64-linux-gnu/librt-2.15.so
7f52d705d000-7f52d705e000 rw-p 00007000 08:06 527977                     /lib/x86_64-linux-gnu/librt-2.15.so
7f52d705e000-7f52d7159000 r-xp 00000000 08:06 527981                     /lib/x86_64-linux-gnu/libm-2.15.so
7f52d7159000-7f52d7358000 ---p 000fb000 08:06 527981                     /lib/x86_64-linux-gnu/libm-2.15.so
7f52d7358000-7f52d7359000 r--p 000fa000 08:06 527981                     /lib/x86_64-linux-gnu/libm-2.15.so
7f52d7359000-7f52d735a000 rw-p 000fb000 08:06 527981                     /lib/x86_64-linux-gnu/libm-2.15.so
7f52d735a000-7f52d7ebc000 r-xp 00000000 08:06 2505780                    /usr/lib/jvm/java-7-oracle/jre/lib/amd64/server/libjvm.so
7f52d7ebc000-7f52d80bc000 ---p 00b62000 08:06 2505780                    /usr/lib/jvm/java-7-oracle/jre/lib/amd64/server/libjvm.so
7f52d80bc000-7f52d817f000 rw-p 00b62000 08:06 2505780                    /usr/lib/jvm/java-7-oracle/jre/lib/amd64/server/libjvm.so
7f52d817f000-7f52d81c0000 rw-p 00000000 00:00 0 
7f52d81c0000-7f52d8375000 r-xp 00000000 08:06 527970                     /lib/x86_64-linux-gnu/libc-2.15.so
7f52d8375000-7f52d8575000 ---p 001b5000 08:06 527970                     /lib/x86_64-linux-gnu/libc-2.15.so
7f52d8575000-7f52d8579000 r--p 001b5000 08:06 527970                     /lib/x86_64-linux-gnu/libc-2.15.so
7f52d8579000-7f52d857b000 rw-p 001b9000 08:06 527970                     /lib/x86_64-linux-gnu/libc-2.15.so
7f52d857b000-7f52d8580000 rw-p 00000000 00:00 0 
7f52d8580000-7f52d8582000 r-xp 00000000 08:06 527985                     /lib/x86_64-linux-gnu/libdl-2.15.so
7f52d8582000-7f52d8782000 ---p 00002000 08:06 527985                     /lib/x86_64-linux-gnu/libdl-2.15.so
7f52d8782000-7f52d8783000 r--p 00002000 08:06 527985                     /lib/x86_64-linux-gnu/libdl-2.15.so
7f52d8783000-7f52d8784000 rw-p 00003000 08:06 527985                     /lib/x86_64-linux-gnu/libdl-2.15.so
7f52d8784000-7f52d879a000 r-xp 00000000 08:06 2377014                    /usr/lib/jvm/java-7-oracle/lib/amd64/jli/libjli.so
7f52d879a000-7f52d899a000 ---p 00016000 08:06 2377014                    /usr/lib/jvm/java-7-oracle/lib/amd64/jli/libjli.so
7f52d899a000-7f52d899b000 rw-p 00016000 08:06 2377014                    /usr/lib/jvm/java-7-oracle/lib/amd64/jli/libjli.so
7f52d899b000-7f52d89b3000 r-xp 00000000 08:06 527979                     /lib/x86_64-linux-gnu/libpthread-2.15.so
7f52d89b3000-7f52d8bb2000 ---p 00018000 08:06 527979                     /lib/x86_64-linux-gnu/libpthread-2.15.so
7f52d8bb2000-7f52d8bb3000 r--p 00017000 08:06 527979                     /lib/x86_64-linux-gnu/libpthread-2.15.so
7f52d8bb3000-7f52d8bb4000 rw-p 00018000 08:06 527979                     /lib/x86_64-linux-gnu/libpthread-2.15.so
7f52d8bb4000-7f52d8bb8000 rw-p 00000000 00:00 0 
7f52d8bb8000-7f52d8bda000 r-xp 00000000 08:06 527982                     /lib/x86_64-linux-gnu/ld-2.15.so
7f52d8bda000-7f52d8bdb000 rw-p 00000000 00:00 0 
7f52d8bdb000-7f52d8bdf000 r--s 0008a000 08:06 2505734                    /usr/lib/jvm/java-7-oracle/jre/lib/jsse.jar
7f52d8bdf000-7f52d8be2000 r--s 00013000 00:16 6777887                    /opt/york/cs/net/eclipse-ide-4.2-x86_64-1-pydev/plugins/org.eclipse.equinox.app_1.3.100.v20120522-1841.jar
7f52d8be2000-7f52d8be4000 r--s 00015000 00:16 4890064                    /opt/york/cs/net/eclipse-ide-4.2-x86_64-1-pydev/plugins/org.eclipse.core.contenttype_3.4.200.v20120523-2004.jar
7f52d8be4000-7f52d8be7000 r--s 0001c000 00:16 6303703                    /opt/york/cs/net/eclipse-ide-4.2-x86_64-1-pydev/plugins/org.eclipse.equinox.preferences_3.5.0.v20120522-1841.jar
7f52d8be7000-7f52d8bea000 r--s 0002a000 00:16 5337629                    /opt/york/cs/net/eclipse-ide-4.2-x86_64-1-pydev/plugins/org.eclipse.equinox.registry_3.5.200.v20120522-1841.jar
7f52d8bea000-7f52d8c00000 r--s 0025e000 00:16 2644480                    /opt/york/cs/net/eclipse-ide-4.2-x86_64-1-pydev/plugins/org.eclipse.swt.gtk.linux.x86_64_3.100.0.v4233d.jar
7f52d8c00000-7f52d8c5b000 rw-p 00000000 00:00 0 
7f52d8c5b000-7f52d8c79000 rw-p 00000000 00:00 0 
7f52d8c79000-7f52d8cae000 r--s 00000000 08:08 783472                     /var/cache/nscd/passwd
7f52d8cae000-7f52d8cb1000 ---p 00000000 00:00 0 
7f52d8cb1000-7f52d8db3000 rw-p 00000000 00:00 0 
7f52d8db3000-7f52d8db4000 r--s 00002000 00:9f 38522794                   /usr/userfs/m/mv525/Downloads/eclipse/plugins/org.eclipse.emf_2.6.0.v20130902-0605.jar
7f52d8db4000-7f52d8db6000 r--s 00002000 00:16 4702113                    /opt/york/cs/net/eclipse-ide-4.2-x86_64-1-pydev/plugins/org.eclipse.core.runtime.compatibility.registry_3.5.100.v20120521-2346/runtime_registry_compatibility.jar
7f52d8db6000-7f52d8db8000 r--s 00015000 00:16 4812385                    /opt/york/cs/net/eclipse-ide-4.2-x86_64-1-pydev/plugins/org.eclipse.core.jobs_3.5.200.v20120521-2346.jar
7f52d8db8000-7f52d8dbb000 r--s 00018000 00:16 1002987                    /opt/york/cs/net/eclipse-ide-4.2-x86_64-1-pydev/plugins/org.eclipse.equinox.common_3.6.100.v20120522-1841.jar
7f52d8dbb000-7f52d8dbd000 r--s 00005000 00:16 2320749                    /opt/york/cs/net/eclipse-ide-4.2-x86_64-1-pydev/plugins/org.eclipse.persistence.jpa.equinox.weaving_2.4.0.v20120608-r11652.jar
7f52d8dbd000-7f52d8dbf000 r--s 0000e000 00:16 2506468                    /opt/york/cs/net/eclipse-ide-4.2-x86_64-1-pydev/plugins/org.eclipse.objectteams.otequinox.hook_2.1.0.201206090452.jar
7f52d8dbf000-7f52d8dc1000 r--s 00011000 00:16 4986805                    /opt/york/cs/net/eclipse-ide-4.2-x86_64-1-pydev/plugins/org.eclipse.core.runtime_3.8.0.v20120521-2346.jar
7f52d8dc1000-7f52d8dc2000 r--s 00002000 00:16 4973148                    /opt/york/cs/net/eclipse-ide-4.2-x86_64-1-pydev/plugins/org.eclipse.e4.ui.workbench3_0.12.0.v20120521-2329.jar
7f52d8dc2000-7f52d8dc3000 r--s 00004000 00:16 6210122                    /opt/york/cs/net/eclipse-ide-4.2-x86_64-1-pydev/plugins/org.eclipse.swt_3.100.0.v4233d.jar
7f52d8dc3000-7f52d8dc7000 r--s 00022000 00:16 7340816                    /opt/york/cs/net/eclipse-ide-4.2-x86_64-1-pydev/plugins/org.eclipse.ui_3.103.0.v20120521-2329.jar
7f52d8dc7000-7f52d8dce000 r--s 00000000 08:06 2275722                    /usr/lib/x86_64-linux-gnu/gconv/gconv-modules.cache
7f52d8dce000-7f52d8dd6000 rw-s 00000000 08:06 2765821                    /tmp/hsperfdata_mv525/12731
7f52d8dd6000-7f52d8dd7000 rw-p 00000000 00:00 0 
7f52d8dd7000-7f52d8dd8000 r--p 00000000 00:00 0 
7f52d8dd8000-7f52d8dda000 rw-p 00000000 00:00 0 
7f52d8dda000-7f52d8ddb000 r--p 00022000 08:06 527982                     /lib/x86_64-linux-gnu/ld-2.15.so
7f52d8ddb000-7f52d8ddd000 rw-p 00023000 08:06 527982                     /lib/x86_64-linux-gnu/ld-2.15.so
7fffb6e6b000-7fffb6e8d000 rw-p 00000000 00:00 0                          [stack]
7fffb6f1e000-7fffb6f1f000 r-xp 00000000 00:00 0                          [vdso]
ffffffffff600000-ffffffffff601000 r-xp 00000000 00:00 0                  [vsyscall]

VM Arguments:
jvm_args: -agentlib:jdwp=transport=dt_socket,suspend=y,address=localhost:49387 -Dfile.encoding=UTF-8 
java_command: uk.ac.york.cs.mv525.modelgen.Playground
Launcher Type: SUN_STANDARD

Environment Variables:
PATH=/usr/lib/lightdm/lightdm:/usr/local/sbin:/usr/local/bin:/usr/sbin:/usr/bin:/sbin:/bin:/usr/games
SHELL=/bin/bash
DISPLAY=:0

Signal Handlers:
SIGSEGV: [libjvm.so+0x9935b0], sa_mask[0]=0x7ffbfeff, sa_flags=0x10000004
SIGBUS: [libjvm.so+0x9935b0], sa_mask[0]=0x7ffbfeff, sa_flags=0x10000004
SIGFPE: [libjvm.so+0x810330], sa_mask[0]=0x7ffbfeff, sa_flags=0x10000004
SIGPIPE: [libjvm.so+0x810330], sa_mask[0]=0x7ffbfeff, sa_flags=0x10000004
SIGXFSZ: [libjvm.so+0x810330], sa_mask[0]=0x7ffbfeff, sa_flags=0x10000004
SIGILL: [libjvm.so+0x810330], sa_mask[0]=0x7ffbfeff, sa_flags=0x10000004
SIGUSR1: SIG_DFL, sa_mask[0]=0x00000000, sa_flags=0x00000000
SIGUSR2: [libjvm.so+0x811820], sa_mask[0]=0x00000004, sa_flags=0x10000004
SIGHUP: [libjvm.so+0x812790], sa_mask[0]=0x7ffbfeff, sa_flags=0x10000004
SIGINT: [libjvm.so+0x812790], sa_mask[0]=0x7ffbfeff, sa_flags=0x10000004
SIGTERM: [libjvm.so+0x812790], sa_mask[0]=0x7ffbfeff, sa_flags=0x10000004
SIGQUIT: [libjvm.so+0x812790], sa_mask[0]=0x7ffbfeff, sa_flags=0x10000004


---------------  S Y S T E M  ---------------

OS:wheezy/sid

uname:Linux 3.2.0-55-generic #85-Ubuntu SMP Wed Oct 2 12:29:27 UTC 2013 x86_64
libc:glibc 2.15 NPTL 2.15 
rlimit: STACK 8192k, CORE 0k, NPROC 62639, NOFILE 4096, AS infinity
load average:0.25 0.35 0.46

/proc/meminfo:
MemTotal:        8035428 kB
MemFree:         3484844 kB
Buffers:          187956 kB
Cached:          2206888 kB
SwapCached:            0 kB
Active:          2463028 kB
Inactive:        1775968 kB
Active(anon):    1876560 kB
Inactive(anon):   232088 kB
Active(file):     586468 kB
Inactive(file):  1543880 kB
Unevictable:           0 kB
Mlocked:               0 kB
SwapTotal:       8190972 kB
SwapFree:        8190972 kB
Dirty:               116 kB
Writeback:             0 kB
AnonPages:       1844400 kB
Mapped:           204328 kB
Shmem:            264504 kB
Slab:             167832 kB
SReclaimable:     138788 kB
SUnreclaim:        29044 kB
KernelStack:        3680 kB
PageTables:        22808 kB
NFS_Unstable:          0 kB
Bounce:                0 kB
WritebackTmp:          0 kB
CommitLimit:    12208684 kB
Committed_AS:    3868796 kB
VmallocTotal:   34359738367 kB
VmallocUsed:      371036 kB
VmallocChunk:   34359353000 kB
HardwareCorrupted:     0 kB
AnonHugePages:         0 kB
HugePages_Total:       0
HugePages_Free:        0
HugePages_Rsvd:        0
HugePages_Surp:        0
Hugepagesize:       2048 kB
DirectMap4k:       65536 kB
DirectMap2M:     8183808 kB


CPU:total 4 (2 cores per cpu, 2 threads per core) family 6 model 37 stepping 2, cmov, cx8, fxsr, mmx, sse, sse2, sse3, ssse3, sse4.1, sse4.2, popcnt, aes, ht, tsc, tscinvbit

/proc/cpuinfo:
processor	: 0
vendor_id	: GenuineIntel
cpu family	: 6
model		: 37
model name	: Intel(R) Core(TM) i5 CPU         650  @ 3.20GHz
stepping	: 2
microcode	: 0x9
cpu MHz		: 1197.000
cache size	: 4096 KB
physical id	: 0
siblings	: 4
core id		: 0
cpu cores	: 2
apicid		: 0
initial apicid	: 0
fpu		: yes
fpu_exception	: yes
cpuid level	: 11
wp		: yes
flags		: fpu vme de pse tsc msr pae mce cx8 apic sep mtrr pge mca cmov pat pse36 clflush dts acpi mmx fxsr sse sse2 ss ht tm pbe syscall nx rdtscp lm constant_tsc arch_perfmon pebs bts rep_good nopl xtopology nonstop_tsc aperfmperf pni pclmulqdq dtes64 monitor ds_cpl vmx smx est tm2 ssse3 cx16 xtpr pdcm sse4_1 sse4_2 popcnt aes lahf_lm ida arat dtherm tpr_shadow vnmi flexpriority ept vpid
bogomips	: 6384.11
clflush size	: 64
cache_alignment	: 64
address sizes	: 36 bits physical, 48 bits virtual
power management:

processor	: 1
vendor_id	: GenuineIntel
cpu family	: 6
model		: 37
model name	: Intel(R) Core(TM) i5 CPU         650  @ 3.20GHz
stepping	: 2
microcode	: 0x9
cpu MHz		: 3193.000
cache size	: 4096 KB
physical id	: 0
siblings	: 4
core id		: 0
cpu cores	: 2
apicid		: 1
initial apicid	: 1
fpu		: yes
fpu_exception	: yes
cpuid level	: 11
wp		: yes
flags		: fpu vme de pse tsc msr pae mce cx8 apic sep mtrr pge mca cmov pat pse36 clflush dts acpi mmx fxsr sse sse2 ss ht tm pbe syscall nx rdtscp lm constant_tsc arch_perfmon pebs bts rep_good nopl xtopology nonstop_tsc aperfmperf pni pclmulqdq dtes64 monitor ds_cpl vmx smx est tm2 ssse3 cx16 xtpr pdcm sse4_1 sse4_2 popcnt aes lahf_lm ida arat dtherm tpr_shadow vnmi flexpriority ept vpid
bogomips	: 6383.83
clflush size	: 64
cache_alignment	: 64
address sizes	: 36 bits physical, 48 bits virtual
power management:

processor	: 2
vendor_id	: GenuineIntel
cpu family	: 6
model		: 37
model name	: Intel(R) Core(TM) i5 CPU         650  @ 3.20GHz
stepping	: 2
microcode	: 0x9
cpu MHz		: 1197.000
cache size	: 4096 KB
physical id	: 0
siblings	: 4
core id		: 2
cpu cores	: 2
apicid		: 4
initial apicid	: 4
fpu		: yes
fpu_exception	: yes
cpuid level	: 11
wp		: yes
flags		: fpu vme de pse tsc msr pae mce cx8 apic sep mtrr pge mca cmov pat pse36 clflush dts acpi mmx fxsr sse sse2 ss ht tm pbe syscall nx rdtscp lm constant_tsc arch_perfmon pebs bts rep_good nopl xtopology nonstop_tsc aperfmperf pni pclmulqdq dtes64 monitor ds_cpl vmx smx est tm2 ssse3 cx16 xtpr pdcm sse4_1 sse4_2 popcnt aes lahf_lm ida arat dtherm tpr_shadow vnmi flexpriority ept vpid
bogomips	: 6383.85
clflush size	: 64
cache_alignment	: 64
address sizes	: 36 bits physical, 48 bits virtual
power management:

processor	: 3
vendor_id	: GenuineIntel
cpu family	: 6
model		: 37
model name	: Intel(R) Core(TM) i5 CPU         650  @ 3.20GHz
stepping	: 2
microcode	: 0x9
cpu MHz		: 1197.000
cache size	: 4096 KB
physical id	: 0
siblings	: 4
core id		: 2
cpu cores	: 2
apicid		: 5
initial apicid	: 5
fpu		: yes
fpu_exception	: yes
cpuid level	: 11
wp		: yes
flags		: fpu vme de pse tsc msr pae mce cx8 apic sep mtrr pge mca cmov pat pse36 clflush dts acpi mmx fxsr sse sse2 ss ht tm pbe syscall nx rdtscp lm constant_tsc arch_perfmon pebs bts rep_good nopl xtopology nonstop_tsc aperfmperf pni pclmulqdq dtes64 monitor ds_cpl vmx smx est tm2 ssse3 cx16 xtpr pdcm sse4_1 sse4_2 popcnt aes lahf_lm ida arat dtherm tpr_shadow vnmi flexpriority ept vpid
bogomips	: 6383.84
clflush size	: 64
cache_alignment	: 64
address sizes	: 36 bits physical, 48 bits virtual
power management:



Memory: 4k page, physical 8035428k(3484844k free), swap 8190972k(8190972k free)

vm_info: Java HotSpot(TM) 64-Bit Server VM (24.45-b08) for linux-amd64 JRE (1.7.0_45-b18), built on Oct  8 2013 05:44:25 by "java_re" with gcc 4.3.0 20080428 (Red Hat 4.3.0-8)

time: Wed Oct 23 16:32:45 2013
elapsed time: 304 seconds

